<?xml version="1.0" encoding="UTF-8"?>
<!-- Generated by org.testng.reporters.JUnitReportReporter -->
<testsuite skipped="0" hostname="DESKTOP-HSLV41C" name="com.actitime.test.actitime.TestDemo" tests="1" failures="0" timestamp="2020-09-17T13:31:53 IST" time="0.000" errors="0">
  <testcase name="testDemo" time="0.000" classname="com.actitime.test.actitime.TestDemo"/>
</testsuite> <!-- com.actitime.test.actitime.TestDemo -->
